  Debug.cpp
  Random.cpp
  Utility.cpp
D:\Users\2016008\Desktop\sample\sample\Common\Utility.cpp(11,44): error C2664: 'std::basic_istream<char,std::char_traits<char>> &std::basic_istream<char,std::char_traits<char>>::read(_Elem *,std::streamsize)': 引数 1 を 'const _Elem *' から '_Elem *' へ変換できません。
          with
          [
              _Elem=char
          ]
D:\Users\2016008\Desktop\sample\sample\Common\Utility.cpp(11,20): message : 変換で修飾子が失われます。
C:\Program Files\Microsoft Visual Studio\2022\Professional\VC\Tools\MSVC\14.30.30705\include\istream(511,39): message : 'std::basic_istream<char,std::char_traits<char>>::read' の宣言を確認してください
  Math.cpp
  The contents of <concepts> are available only with C++20 concepts support.
D:\Users\2016008\Desktop\sample\sample\Common\MathConcepts.h(6,9): error C2061: 構文エラー: 識別子 'ValueC'
D:\Users\2016008\Desktop\sample\sample\Common\MathConcepts.h(6,23): error C2039: 'integral': 'std' のメンバーではありません
C:\Program Files\Microsoft Visual Studio\2022\Professional\VC\Tools\MSVC\14.30.30705\include\algorithm(40): message : 'std' の宣言を確認してください
D:\Users\2016008\Desktop\sample\sample\Common\MathConcepts.h(6,43): error C2039: 'floating_point': 'std' のメンバーではありません
C:\Program Files\Microsoft Visual Studio\2022\Professional\VC\Tools\MSVC\14.30.30705\include\algorithm(40): message : 'std' の宣言を確認してください
D:\Users\2016008\Desktop\sample\sample\Common\Vector2.h(8,10): error C2061: 構文エラー: 識別子 'ValueC'
D:\Users\2016008\Desktop\sample\sample\Common\Vector2.h(92,2): error C2913: 明示的な特殊化; 'Vector2Tmp' はクラス テンプレートの特殊化ではありません。
D:\Users\2016008\Desktop\sample\sample\Common\Vector2.h(94,10): error C2061: 構文エラー: 識別子 'ValueC'
D:\Users\2016008\Desktop\sample\sample\Common\Vector2.h(95,22): error C2065: 'T': 定義されていない識別子です。
D:\Users\2016008\Desktop\sample\sample\Common\Vector2.h(95,52): error C2065: 'T': 定義されていない識別子です。
D:\Users\2016008\Desktop\sample\sample\Common\Vector2.h(95,79): error C2065: 'T': 定義されていない識別子です。
D:\Users\2016008\Desktop\sample\sample\Common\Vector2.h(96,1): error C2912: 明示的な特殊化 'Vector2Tmp operator +(const Vector2Tmp &,const Vector2Tmp &)' は関数テンプレートの特殊化ではありません
D:\Users\2016008\Desktop\sample\sample\Common\Vector2.h(95,25): error C2027: 認識できない型 'Vector2Tmp' が使われています。
D:\Users\2016008\Desktop\sample\sample\Common\Vector2.h(10): message : 'Vector2Tmp' の宣言を確認してください
D:\Users\2016008\Desktop\sample\sample\Common\Vector2.h(98,1): error C2027: 認識できない型 'Vector2Tmp' が使われています。
D:\Users\2016008\Desktop\sample\sample\Common\Vector2.h(10): message : 'Vector2Tmp' の宣言を確認してください
D:\Users\2016008\Desktop\sample\sample\Common\Vector2.h(97,1): error C2027: 認識できない型 'Vector2Tmp' が使われています。
D:\Users\2016008\Desktop\sample\sample\Common\Vector2.h(10): message : 'Vector2Tmp' の宣言を確認してください
D:\Users\2016008\Desktop\sample\sample\Common\Vector2.h(95,25): error C3615: constexpr 関数 'operator +' を定数式にすることはできません
D:\Users\2016008\Desktop\sample\sample\Common\Vector2.h(95,25): message : 型 'Vector2Tmp' がリテラル型ではないことがエラーの原因です
D:\Users\2016008\Desktop\sample\sample\Common\Vector2.h(10,1): message : 型 'Vector2Tmp' は、不完全なため、リテラル型ではありません
D:\Users\2016008\Desktop\sample\sample\Common\Vector2.h(98): message : コントロールが constexpr 関数の終わりに達したため、エラーが発生しました
D:\Users\2016008\Desktop\sample\sample\Common\Vector2.h(100,10): error C2061: 構文エラー: 識別子 'ValueC'
D:\Users\2016008\Desktop\sample\sample\Common\Vector2.h(101,22): error C2065: 'T': 定義されていない識別子です。
D:\Users\2016008\Desktop\sample\sample\Common\Vector2.h(101,52): error C2065: 'T': 定義されていない識別子です。
D:\Users\2016008\Desktop\sample\sample\Common\Vector2.h(101,1): error C4430: 型指定子がありません - int と仮定しました。メモ: C++ は int を既定値としてサポートしていません
D:\Users\2016008\Desktop\sample\sample\Common\Vector2.h(101,69): error C2988: 認識できないテンプレートの宣言または定義です。
D:\Users\2016008\Desktop\sample\sample\Common\Vector2.h(101,69): error C2143: 構文エラー: ',' が '&' の前にありません。
D:\Users\2016008\Desktop\sample\sample\Common\Vector2.h(102,1): error C2912: 明示的な特殊化 'Vector2Tmp operator +(const Vector2Tmp &,const int)' は関数テンプレートの特殊化ではありません
D:\Users\2016008\Desktop\sample\sample\Common\Vector2.h(101,25): error C2027: 認識できない型 'Vector2Tmp' が使われています。
D:\Users\2016008\Desktop\sample\sample\Common\Vector2.h(10): message : 'Vector2Tmp' の宣言を確認してください
D:\Users\2016008\Desktop\sample\sample\Common\Vector2.h(104,1): error C2027: 認識できない型 'Vector2Tmp' が使われています。
D:\Users\2016008\Desktop\sample\sample\Common\Vector2.h(10): message : 'Vector2Tmp' の宣言を確認してください
D:\Users\2016008\Desktop\sample\sample\Common\Vector2.h(103,1): error C2027: 認識できない型 'Vector2Tmp' が使われています。
D:\Users\2016008\Desktop\sample\sample\Common\Vector2.h(10): message : 'Vector2Tmp' の宣言を確認してください
D:\Users\2016008\Desktop\sample\sample\Common\Vector2.h(103,20): error C2065: 'val': 定義されていない識別子です。
D:\Users\2016008\Desktop\sample\sample\Common\Vector2.h(103,34): error C2065: 'val': 定義されていない識別子です。
D:\Users\2016008\Desktop\sample\sample\Common\Vector2.h(101,25): error C3615: constexpr 関数 'operator +' を定数式にすることはできません
D:\Users\2016008\Desktop\sample\sample\Common\Vector2.h(101,25): message : 型 'Vector2Tmp' がリテラル型ではないことがエラーの原因です
D:\Users\2016008\Desktop\sample\sample\Common\Vector2.h(10,1): message : 型 'Vector2Tmp' は、不完全なため、リテラル型ではありません
D:\Users\2016008\Desktop\sample\sample\Common\Vector2.h(104): message : コントロールが constexpr 関数の終わりに達したため、エラーが発生しました
D:\Users\2016008\Desktop\sample\sample\Common\Vector2.h(106,10): error C2061: 構文エラー: 識別子 'ValueC'
D:\Users\2016008\Desktop\sample\sample\Common\Vector2.h(107,22): error C2065: 'T': 定義されていない識別子です。
D:\Users\2016008\Desktop\sample\sample\Common\Vector2.h(107,52): error C2065: 'T': 定義されていない識別子です。
D:\Users\2016008\Desktop\sample\sample\Common\Vector2.h(107,79): error C2065: 'T': 定義されていない識別子です。
D:\Users\2016008\Desktop\sample\sample\Common\Vector2.h(108,1): error C2912: 明示的な特殊化 'Vector2Tmp operator -(const Vector2Tmp &,const Vector2Tmp &)' は関数テンプレートの特殊化ではありません
D:\Users\2016008\Desktop\sample\sample\Common\Vector2.h(107,25): error C2027: 認識できない型 'Vector2Tmp' が使われています。
D:\Users\2016008\Desktop\sample\sample\Common\Vector2.h(10): message : 'Vector2Tmp' の宣言を確認してください
D:\Users\2016008\Desktop\sample\sample\Common\Vector2.h(110,1): error C2027: 認識できない型 'Vector2Tmp' が使われています。
D:\Users\2016008\Desktop\sample\sample\Common\Vector2.h(10): message : 'Vector2Tmp' の宣言を確認してください
D:\Users\2016008\Desktop\sample\sample\Common\Vector2.h(109,1): error C2027: 認識できない型 'Vector2Tmp' が使われています。
D:\Users\2016008\Desktop\sample\sample\Common\Vector2.h(10): message : 'Vector2Tmp' の宣言を確認してください
D:\Users\2016008\Desktop\sample\sample\Common\Vector2.h(107,25): error C3615: constexpr 関数 'operator -' を定数式にすることはできません
D:\Users\2016008\Desktop\sample\sample\Common\Vector2.h(107,25): message : 型 'Vector2Tmp' がリテラル型ではないことがエラーの原因です
D:\Users\2016008\Desktop\sample\sample\Common\Vector2.h(10,1): message : 型 'Vector2Tmp' は、不完全なため、リテラル型ではありません
D:\Users\2016008\Desktop\sample\sample\Common\Vector2.h(110): message : コントロールが constexpr 関数の終わりに達したため、エラーが発生しました
D:\Users\2016008\Desktop\sample\sample\Common\Vector2.h(112,10): error C2061: 構文エラー: 識別子 'ValueC'
D:\Users\2016008\Desktop\sample\sample\Common\Vector2.h(113,22): error C2065: 'T': 定義されていない識別子です。
D:\Users\2016008\Desktop\sample\sample\Common\Vector2.h(113,52): error C2065: 'T': 定義されていない識別子です。
D:\Users\2016008\Desktop\sample\sample\Common\Vector2.h(113,1): error C4430: 型指定子がありません - int と仮定しました。メモ: C++ は int を既定値としてサポートしていません
D:\Users\2016008\Desktop\sample\sample\Common\Vector2.h(113,69): error C2988: 認識できないテンプレートの宣言または定義です。
D:\Users\2016008\Desktop\sample\sample\Common\Vector2.h(113,69): error C2143: 構文エラー: ',' が '&' の前にありません。
D:\Users\2016008\Desktop\sample\sample\Common\Vector2.h(114,1): error C2912: 明示的な特殊化 'Vector2Tmp operator -(const Vector2Tmp &,const int)' は関数テンプレートの特殊化ではありません
D:\Users\2016008\Desktop\sample\sample\Common\Vector2.h(113,25): error C2027: 認識できない型 'Vector2Tmp' が使われています。
D:\Users\2016008\Desktop\sample\sample\Common\Vector2.h(10): message : 'Vector2Tmp' の宣言を確認してください
D:\Users\2016008\Desktop\sample\sample\Common\Vector2.h(116,1): error C2027: 認識できない型 'Vector2Tmp' が使われています。
D:\Users\2016008\Desktop\sample\sample\Common\Vector2.h(10): message : 'Vector2Tmp' の宣言を確認してください
D:\Users\2016008\Desktop\sample\sample\Common\Vector2.h(115,1): error C2027: 認識できない型 'Vector2Tmp' が使われています。
D:\Users\2016008\Desktop\sample\sample\Common\Vector2.h(10): message : 'Vector2Tmp' の宣言を確認してください
D:\Users\2016008\Desktop\sample\sample\Common\Vector2.h(115,20): error C2065: 'val': 定義されていない識別子です。
D:\Users\2016008\Desktop\sample\sample\Common\Vector2.h(115,34): error C2065: 'val': 定義されていない識別子です。
D:\Users\2016008\Desktop\sample\sample\Common\Vector2.h(113,25): error C3615: constexpr 関数 'operator -' を定数式にすることはできません
D:\Users\2016008\Desktop\sample\sample\Common\Vector2.h(113,25): message : 型 'Vector2Tmp' がリテラル型ではないことがエラーの原因です
D:\Users\2016008\Desktop\sample\sample\Common\Vector2.h(10,1): message : 型 'Vector2Tmp' は、不完全なため、リテラル型ではありません
D:\Users\2016008\Desktop\sample\sample\Common\Vector2.h(116): message : コントロールが constexpr 関数の終わりに達したため、エラーが発生しました
D:\Users\2016008\Desktop\sample\sample\Common\Vector2.h(118,10): error C2061: 構文エラー: 識別子 'ValueC'
D:\Users\2016008\Desktop\sample\sample\Common\Vector2.h(119,22): error C2065: 'T': 定義されていない識別子です。
D:\Users\2016008\Desktop\sample\sample\Common\Vector2.h(119,52): error C2065: 'T': 定義されていない識別子です。
D:\Users\2016008\Desktop\sample\sample\Common\Vector2.h(119,79): error C2065: 'T': 定義されていない識別子です。
D:\Users\2016008\Desktop\sample\sample\Common\Vector2.h(120,1): error C2912: 明示的な特殊化 'Vector2Tmp operator *(const Vector2Tmp &,const Vector2Tmp &)' は関数テンプレートの特殊化ではありません
D:\Users\2016008\Desktop\sample\sample\Common\Vector2.h(119,25): error C2027: 認識できない型 'Vector2Tmp' が使われています。
D:\Users\2016008\Desktop\sample\sample\Common\Vector2.h(10): message : 'Vector2Tmp' の宣言を確認してください
D:\Users\2016008\Desktop\sample\sample\Common\Vector2.h(122,1): error C2027: 認識できない型 'Vector2Tmp' が使われています。
D:\Users\2016008\Desktop\sample\sample\Common\Vector2.h(10): message : 'Vector2Tmp' の宣言を確認してください
D:\Users\2016008\Desktop\sample\sample\Common\Vector2.h(121,1): error C2027: 認識できない型 'Vector2Tmp' が使われています。
D:\Users\2016008\Desktop\sample\sample\Common\Vector2.h(10): message : 'Vector2Tmp' の宣言を確認してください
D:\Users\2016008\Desktop\sample\sample\Common\Vector2.h(119,25): error C3615: constexpr 関数 'operator *' を定数式にすることはできません
D:\Users\2016008\Desktop\sample\sample\Common\Vector2.h(119,25): message : 型 'Vector2Tmp' がリテラル型ではないことがエラーの原因です
D:\Users\2016008\Desktop\sample\sample\Common\Vector2.h(10,1): message : 型 'Vector2Tmp' は、不完全なため、リテラル型ではありません
D:\Users\2016008\Desktop\sample\sample\Common\Vector2.h(122): message : コントロールが constexpr 関数の終わりに達したため、エラーが発生しました
D:\Users\2016008\Desktop\sample\sample\Common\Vector2.h(124,10): error C2061: 構文エラー: 識別子 'ValueC'
D:\Users\2016008\Desktop\sample\sample\Common\Vector2.h(125,22): error C2065: 'T': 定義されていない識別子です。
D:\Users\2016008\Desktop\sample\sample\Common\Vector2.h(125,52): error C2065: 'T': 定義されていない識別子です。
D:\Users\2016008\Desktop\sample\sample\Common\Vector2.h(125,1): error C4430: 型指定子がありません - int と仮定しました。メモ: C++ は int を既定値としてサポートしていません
D:\Users\2016008\Desktop\sample\sample\Common\Vector2.h(125,69): error C2988: 認識できないテンプレートの宣言または定義です。
D:\Users\2016008\Desktop\sample\sample\Common\Vector2.h(125,69): error C2143: 構文エラー: ',' が '&' の前にありません。
D:\Users\2016008\Desktop\sample\sample\Common\Vector2.h(126,1): error C2912: 明示的な特殊化 'Vector2Tmp operator *(const Vector2Tmp &,const int)' は関数テンプレートの特殊化ではありません
D:\Users\2016008\Desktop\sample\sample\Common\Vector2.h(125,25): error C2027: 認識できない型 'Vector2Tmp' が使われています。
D:\Users\2016008\Desktop\sample\sample\Common\Vector2.h(10): message : 'Vector2Tmp' の宣言を確認してください
D:\Users\2016008\Desktop\sample\sample\Common\Vector2.h(128,1): error C2027: 認識できない型 'Vector2Tmp' が使われています。
D:\Users\2016008\Desktop\sample\sample\Common\Vector2.h(10): message : 'Vector2Tmp' の宣言を確認してください
D:\Users\2016008\Desktop\sample\sample\Common\Vector2.h(127,1): error C2027: 認識できない型 'Vector2Tmp' が使われています。
D:\Users\2016008\Desktop\sample\sample\Common\Vector2.h(10): message : 'Vector2Tmp' の宣言を確認してください
D:\Users\2016008\Desktop\sample\sample\Common\Vector2.h(127,20): error C2065: 'val': 定義されていない識別子です。
D:\Users\2016008\Desktop\sample\sample\Common\Vector2.h(127,34): error C2065: 'val': 定義されていない識別子です。
D:\Users\2016008\Desktop\sample\sample\Common\Vector2.h(125,25): error C3615: constexpr 関数 'operator *' を定数式にすることはできません
D:\Users\2016008\Desktop\sample\sample\Common\Vector2.h(125,25): message : 型 'Vector2Tmp' がリテラル型ではないことがエラーの原因です
D:\Users\2016008\Desktop\sample\sample\Common\Vector2.h(10,1): message : 型 'Vector2Tmp' は、不完全なため、リテラル型ではありません
D:\Users\2016008\Desktop\sample\sample\Common\Vector2.h(128): message : コントロールが constexpr 関数の終わりに達したため、エラーが発生しました
D:\Users\2016008\Desktop\sample\sample\Common\Vector2.h(130,10): error C2061: 構文エラー: 識別子 'ValueC'
D:\Users\2016008\Desktop\sample\sample\Common\Vector2.h(131,22): error C2065: 'T': 定義されていない識別子です。
D:\Users\2016008\Desktop\sample\sample\Common\Vector2.h(131,52): error C2065: 'T': 定義されていない識別子です。
D:\Users\2016008\Desktop\sample\sample\Common\Vector2.h(131,79): error C2065: 'T': 定義されていない識別子です。
D:\Users\2016008\Desktop\sample\sample\Common\Vector2.h(132,1): error C2912: 明示的な特殊化 'Vector2Tmp operator /(const Vector2Tmp &,const Vector2Tmp &)' は関数テンプレートの特殊化ではありません
D:\Users\2016008\Desktop\sample\sample\Common\Vector2.h(131,25): error C2027: 認識できない型 'Vector2Tmp' が使われています。
D:\Users\2016008\Desktop\sample\sample\Common\Vector2.h(10): message : 'Vector2Tmp' の宣言を確認してください
D:\Users\2016008\Desktop\sample\sample\Common\Vector2.h(138,1): error C2027: 認識できない型 'Vector2Tmp' が使われています。
D:\Users\2016008\Desktop\sample\sample\Common\Vector2.h(10): message : 'Vector2Tmp' の宣言を確認してください
D:\Users\2016008\Desktop\sample\sample\Common\Vector2.h(133,1): error C2027: 認識できない型 'Vector2Tmp' が使われています。
D:\Users\2016008\Desktop\sample\sample\Common\Vector2.h(10): message : 'Vector2Tmp' の宣言を確認してください
D:\Users\2016008\Desktop\sample\sample\Common\Vector2.h(133,28): error C2061: 構文エラー: 識別子 'T'
D:\Users\2016008\Desktop\sample\sample\Common\Vector2.h(134,1): error C2143: 構文エラー: ';' が '{' の前にありません。
D:\Users\2016008\Desktop\sample\sample\Common\Vector2.h(137,1): error C2027: 認識できない型 'Vector2Tmp' が使われています。
D:\Users\2016008\Desktop\sample\sample\Common\Vector2.h(10): message : 'Vector2Tmp' の宣言を確認してください
D:\Users\2016008\Desktop\sample\sample\Common\Vector2.h(131,25): error C3615: constexpr 関数 'operator /' を定数式にすることはできません
D:\Users\2016008\Desktop\sample\sample\Common\Vector2.h(131,25): message : 型 'Vector2Tmp' がリテラル型ではないことがエラーの原因です
D:\Users\2016008\Desktop\sample\sample\Common\Vector2.h(10,1): message : 型 'Vector2Tmp' は、不完全なため、リテラル型ではありません
D:\Users\2016008\Desktop\sample\sample\Common\Vector2.h(138): message : コントロールが constexpr 関数の終わりに達したため、エラーが発生しました
D:\Users\2016008\Desktop\sample\sample\Common\Vector2.h(140,10): error C2061: 構文エラー: 識別子 'ValueC'
D:\Users\2016008\Desktop\sample\sample\Common\Vector2.h(141,22): error C2065: 'T': 定義されていない識別子です。
D:\Users\2016008\Desktop\sample\sample\Common\Vector2.h(141,52): error C2065: 'T': 定義されていない識別子です。
D:\Users\2016008\Desktop\sample\sample\Common\Vector2.h(141,1): error C4430: 型指定子がありません - int と仮定しました。メモ: C++ は int を既定値としてサポートしていません
D:\Users\2016008\Desktop\sample\sample\Common\Vector2.h(141,69): error C2988: 認識できないテンプレートの宣言または定義です。
D:\Users\2016008\Desktop\sample\sample\Common\Vector2.h(141,69): error C2143: 構文エラー: ',' が '&' の前にありません。
D:\Users\2016008\Desktop\sample\sample\Common\Vector2.h(142,1): error C2912: 明示的な特殊化 'Vector2Tmp operator /(const Vector2Tmp &,const int)' は関数テンプレートの特殊化ではありません
D:\Users\2016008\Desktop\sample\sample\Common\Vector2.h(141,25): error C2027: 認識できない型 'Vector2Tmp' が使われています。
D:\Users\2016008\Desktop\sample\sample\Common\Vector2.h(10): message : 'Vector2Tmp' の宣言を確認してください
D:\Users\2016008\Desktop\sample\sample\Common\Vector2.h(148,1): error C2027: 認識できない型 'Vector2Tmp' が使われています。
D:\Users\2016008\Desktop\sample\sample\Common\Vector2.h(10): message : 'Vector2Tmp' の宣言を確認してください
D:\Users\2016008\Desktop\sample\sample\Common\Vector2.h(143,6): error C2065: 'val': 定義されていない識別子です。
D:\Users\2016008\Desktop\sample\sample\Common\Vector2.h(143,25): error C2061: 構文エラー: 識別子 'T'
D:\Users\2016008\Desktop\sample\sample\Common\Vector2.h(144,1): error C2143: 構文エラー: ';' が '{' の前にありません。
D:\Users\2016008\Desktop\sample\sample\Common\Vector2.h(147,1): error C2027: 認識できない型 'Vector2Tmp' が使われています。
D:\Users\2016008\Desktop\sample\sample\Common\Vector2.h(10): message : 'Vector2Tmp' の宣言を確認してください
D:\Users\2016008\Desktop\sample\sample\Common\Vector2.h(147,20): error C2065: 'val': 定義されていない識別子です。
D:\Users\2016008\Desktop\sample\sample\Common\Vector2.h(147,34): error C2065: 'val': 定義されていない識別子です。
D:\Users\2016008\Desktop\sample\sample\Common\Vector2.h(141,25): error C3615: constexpr 関数 'operator /' を定数式にすることはできません
D:\Users\2016008\Desktop\sample\sample\Common\Vector2.h(141,25): message : 型 'Vector2Tmp' がリテラル型ではないことがエラーの原因です
D:\Users\2016008\Desktop\sample\sample\Common\Vector2.h(10,1): message : 型 'Vector2Tmp' は、不完全なため、リテラル型ではありません
D:\Users\2016008\Desktop\sample\sample\Common\Vector2.h(148): message : コントロールが constexpr 関数の終わりに達したため、エラーが発生しました
D:\Users\2016008\Desktop\sample\sample\Common\Vector2.h(150,10): error C2061: 構文エラー: 識別子 'ValueC'
D:\Users\2016008\Desktop\sample\sample\Common\Vector2.h(151,22): error C2065: 'T': 定義されていない識別子です。
D:\Users\2016008\Desktop\sample\sample\Common\Vector2.h(151,52): error C2065: 'T': 定義されていない識別子です。
D:\Users\2016008\Desktop\sample\sample\Common\Vector2.h(151,79): error C2065: 'T': 定義されていない識別子です。
D:\Users\2016008\Desktop\sample\sample\Common\Vector2.h(152,1): error C2912: 明示的な特殊化 'Vector2Tmp operator %(const Vector2Tmp &,const Vector2Tmp &)' は関数テンプレートの特殊化ではありません
D:\Users\2016008\Desktop\sample\sample\Common\Vector2.h(151,25): error C2027: 認識できない型 'Vector2Tmp' が使われています。
D:\Users\2016008\Desktop\sample\sample\Common\Vector2.h(10): message : 'Vector2Tmp' の宣言を確認してください
D:\Users\2016008\Desktop\sample\sample\Common\Vector2.h(158,1): fatal error C1003: プログラム内のエラーが 100 個を超えました。コンパイルは中断されます。
  Quaternion.cpp
D:\Users\2016008\Desktop\sample\sample\Common\Quaternion.cpp(1,10): fatal error C1083: include ファイルを開けません。'Quaternion.h':No such file or directory
  BaseScene.cpp
D:\Users\2016008\Desktop\sample\sample\Scene\BaseScene.h(19,1): error C2143: 構文エラー: ';' が '}' の前にありません。
  main.cpp
D:\Users\2016008\Desktop\sample\sample\main.cpp(4,12): error C2731: 'WinMain': 関数はオーバーロードできません。
D:\Users\2016008\Desktop\sample\sample\main.cpp(4): message : 'WinMain' の宣言を確認してください
D:\Users\2016008\Desktop\sample\sample\main.cpp(6,2): error C2561: 'WinMain': 関数が値を戻すように宣言されていますが、関数定義に 'return' ステートメントがありません。
D:\Users\2016008\Desktop\sample\sample\main.cpp(4): message : 'WinMain' の宣言を確認してください
  SceneManager.cpp
  Time.cpp
  The contents of <concepts> are available only with C++20 concepts support.
D:\Users\2016008\Desktop\sample\sample\Common\Time.h(7,9): error C2061: 構文エラー: 識別子 'TimeC'
D:\Users\2016008\Desktop\sample\sample\Common\Time.h(7,22): error C2039: 'integral': 'std' のメンバーではありません
C:\Program Files\Microsoft Visual Studio\2022\Professional\VC\Tools\MSVC\14.30.30705\include\chrono(51): message : 'std' の宣言を確認してください
D:\Users\2016008\Desktop\sample\sample\Common\Time.h(7,42): error C2039: 'floating_point': 'std' のメンバーではありません
C:\Program Files\Microsoft Visual Studio\2022\Professional\VC\Tools\MSVC\14.30.30705\include\chrono(51): message : 'std' の宣言を確認してください
  コードを生成中...
